2012/02/17 08:45:01 [error] [exception.CException] exception 'CException' with message 'Bootstrap and its behaviors do not have a method or closure named "registerCoreCss".' in D:\APMServ5.2.6\www\htdocs\yii\framework\base\CComponent.php:266
Stack trace:
#0 [internal function]: CComponent->__call('registerCoreCss', Array)
#1 D:\APMServ5.2.6\www\htdocs\tfcms\protected\views\layouts\main.php(17): Bootstrap->registerCoreCss()
#2 D:\APMServ5.2.6\www\htdocs\yii\framework\web\CBaseController.php(127): require('D:\APMServ5.2.6...')
#3 D:\APMServ5.2.6\www\htdocs\yii\framework\web\CBaseController.php(96): CBaseController->renderInternal('D:\APMServ5.2.6...', Array, true)
#4 D:\APMServ5.2.6\www\htdocs\yii\framework\web\widgets\CContentDecorator.php(77): CBaseController->renderFile('D:\APMServ5.2.6...', Array, true)
#5 D:\APMServ5.2.6\www\htdocs\yii\framework\web\widgets\CContentDecorator.php(55): CContentDecorator->decorate('<div id="conten...')
#6 D:\APMServ5.2.6\www\htdocs\yii\framework\web\widgets\COutputProcessor.php(45): CContentDecorator->processOutput('<div id="conten...')
#7 D:\APMServ5.2.6\www\htdocs\yii\framework\web\CBaseController.php(207): COutputProcessor->run()
#8 D:\APMServ5.2.6\www\htdocs\yii\framework\web\CBaseController.php(301): CBaseController->endWidget('CContentDecorat...')
#9 D:\APMServ5.2.6\www\htdocs\tfcms\protected\views\layouts\column1.php(5): CBaseController->endContent()
#10 D:\APMServ5.2.6\www\htdocs\yii\framework\web\CBaseController.php(127): require('D:\APMServ5.2.6...')
#11 D:\APMServ5.2.6\www\htdocs\yii\framework\web\CBaseController.php(96): CBaseController->renderInternal('D:\APMServ5.2.6...', Array, true)
#12 D:\APMServ5.2.6\www\htdocs\yii\framework\web\CController.php(785): CBaseController->renderFile('D:\APMServ5.2.6...', Array, true)
#13 D:\APMServ5.2.6\www\htdocs\tfcms\protected\controllers\SiteController.php(32): CController->render('index')
#14 D:\APMServ5.2.6\www\htdocs\yii\framework\web\actions\CInlineAction.php(50): SiteController->actionIndex()
#15 D:\APMServ5.2.6\www\htdocs\yii\framework\web\CController.php(309): CInlineAction->runWithParams(Array)
#16 D:\APMServ5.2.6\www\htdocs\yii\framework\web\CController.php(287): CController->runAction(Object(CInlineAction))
#17 D:\APMServ5.2.6\www\htdocs\yii\framework\web\CController.php(266): CController->runActionWithFilters(Object(CInlineAction), Array)
#18 D:\APMServ5.2.6\www\htdocs\yii\framework\web\CWebApplication.php(276): CController->run('')
#19 D:\APMServ5.2.6\www\htdocs\yii\framework\web\CWebApplication.php(135): CWebApplication->runController('')
#20 D:\APMServ5.2.6\www\htdocs\yii\framework\base\CApplication.php(162): CWebApplication->processRequest()
#21 D:\APMServ5.2.6\www\htdocs\tfcms\index.php(13): CApplication->run()
#22 {main}
REQUEST_URI=/tfcms/index.php
HTTP_REFERER=http://127.0.0.1/tfcms/index.php/gii/controller
---
2012/02/17 08:47:13 [error] [exception.CException] exception 'CException' with message 'Alias "bootstrap.components.Bootstrap" is invalid. Make sure it points to an existing directory or file.' in D:\APMServ5.2.6\www\htdocs\yii\framework\YiiBase.php:343
Stack trace:
#0 D:\APMServ5.2.6\www\htdocs\yii\framework\YiiBase.php(198): YiiBase::import('bootstrap.compo...', true)
#1 D:\APMServ5.2.6\www\htdocs\yii\framework\base\CModule.php(387): YiiBase::createComponent(Array)
#2 D:\APMServ5.2.6\www\htdocs\yii\framework\base\CModule.php(493): CModule->getComponent('bootstrap')
#3 D:\APMServ5.2.6\www\htdocs\yii\framework\base\CApplication.php(146): CModule->preloadComponents()
#4 D:\APMServ5.2.6\www\htdocs\yii\framework\YiiBase.php(127): CApplication->__construct('D:\APMServ5.2.6...')
#5 D:\APMServ5.2.6\www\htdocs\yii\framework\YiiBase.php(100): YiiBase::createApplication('CWebApplication', 'D:\APMServ5.2.6...')
#6 D:\APMServ5.2.6\www\htdocs\tfcms\index.php(13): YiiBase::createWebApplication('D:\APMServ5.2.6...')
#7 {main}
REQUEST_URI=/tfcms/index.php
HTTP_REFERER=http://127.0.0.1/tfcms/index.php/gii/controller
---
2012/02/17 08:47:14 [error] [exception.CException] exception 'CException' with message 'Alias "bootstrap.components.Bootstrap" is invalid. Make sure it points to an existing directory or file.' in D:\APMServ5.2.6\www\htdocs\yii\framework\YiiBase.php:343
Stack trace:
#0 D:\APMServ5.2.6\www\htdocs\yii\framework\YiiBase.php(198): YiiBase::import('bootstrap.compo...', true)
#1 D:\APMServ5.2.6\www\htdocs\yii\framework\base\CModule.php(387): YiiBase::createComponent(Array)
#2 D:\APMServ5.2.6\www\htdocs\yii\framework\base\CModule.php(493): CModule->getComponent('bootstrap')
#3 D:\APMServ5.2.6\www\htdocs\yii\framework\base\CApplication.php(146): CModule->preloadComponents()
#4 D:\APMServ5.2.6\www\htdocs\yii\framework\YiiBase.php(127): CApplication->__construct('D:\APMServ5.2.6...')
#5 D:\APMServ5.2.6\www\htdocs\yii\framework\YiiBase.php(100): YiiBase::createApplication('CWebApplication', 'D:\APMServ5.2.6...')
#6 D:\APMServ5.2.6\www\htdocs\tfcms\index.php(13): YiiBase::createWebApplication('D:\APMServ5.2.6...')
#7 {main}
REQUEST_URI=/tfcms/index.php
HTTP_REFERER=http://127.0.0.1/tfcms/index.php/gii/controller
---
2012/02/17 08:47:23 [error] [exception.CException] exception 'CException' with message 'Bootstrap and its behaviors do not have a method or closure named "registerCoreCss".' in D:\APMServ5.2.6\www\htdocs\yii\framework\base\CComponent.php:266
Stack trace:
#0 [internal function]: CComponent->__call('registerCoreCss', Array)
#1 D:\APMServ5.2.6\www\htdocs\tfcms\protected\views\layouts\main.php(17): Bootstrap->registerCoreCss()
#2 D:\APMServ5.2.6\www\htdocs\yii\framework\web\CBaseController.php(127): require('D:\APMServ5.2.6...')
#3 D:\APMServ5.2.6\www\htdocs\yii\framework\web\CBaseController.php(96): CBaseController->renderInternal('D:\APMServ5.2.6...', Array, true)
#4 D:\APMServ5.2.6\www\htdocs\yii\framework\web\widgets\CContentDecorator.php(77): CBaseController->renderFile('D:\APMServ5.2.6...', Array, true)
#5 D:\APMServ5.2.6\www\htdocs\yii\framework\web\widgets\CContentDecorator.php(55): CContentDecorator->decorate('<div id="conten...')
#6 D:\APMServ5.2.6\www\htdocs\yii\framework\web\widgets\COutputProcessor.php(45): CContentDecorator->processOutput('<div id="conten...')
#7 D:\APMServ5.2.6\www\htdocs\yii\framework\web\CBaseController.php(207): COutputProcessor->run()
#8 D:\APMServ5.2.6\www\htdocs\yii\framework\web\CBaseController.php(301): CBaseController->endWidget('CContentDecorat...')
#9 D:\APMServ5.2.6\www\htdocs\tfcms\protected\views\layouts\column1.php(5): CBaseController->endContent()
#10 D:\APMServ5.2.6\www\htdocs\yii\framework\web\CBaseController.php(127): require('D:\APMServ5.2.6...')
#11 D:\APMServ5.2.6\www\htdocs\yii\framework\web\CBaseController.php(96): CBaseController->renderInternal('D:\APMServ5.2.6...', Array, true)
#12 D:\APMServ5.2.6\www\htdocs\yii\framework\web\CController.php(785): CBaseController->renderFile('D:\APMServ5.2.6...', Array, true)
#13 D:\APMServ5.2.6\www\htdocs\tfcms\protected\controllers\SiteController.php(32): CController->render('index')
#14 D:\APMServ5.2.6\www\htdocs\yii\framework\web\actions\CInlineAction.php(50): SiteController->actionIndex()
#15 D:\APMServ5.2.6\www\htdocs\yii\framework\web\CController.php(309): CInlineAction->runWithParams(Array)
#16 D:\APMServ5.2.6\www\htdocs\yii\framework\web\CController.php(287): CController->runAction(Object(CInlineAction))
#17 D:\APMServ5.2.6\www\htdocs\yii\framework\web\CController.php(266): CController->runActionWithFilters(Object(CInlineAction), Array)
#18 D:\APMServ5.2.6\www\htdocs\yii\framework\web\CWebApplication.php(276): CController->run('')
#19 D:\APMServ5.2.6\www\htdocs\yii\framework\web\CWebApplication.php(135): CWebApplication->runController('')
#20 D:\APMServ5.2.6\www\htdocs\yii\framework\base\CApplication.php(162): CWebApplication->processRequest()
#21 D:\APMServ5.2.6\www\htdocs\tfcms\index.php(13): CApplication->run()
#22 {main}
REQUEST_URI=/tfcms/index.php
HTTP_REFERER=http://127.0.0.1/tfcms/index.php/gii/controller
---
2012/02/17 08:52:46 [error] [exception.CException] exception 'CException' with message 'Bootstrap and its behaviors do not have a method or closure named "registerCoreCss".' in D:\APMServ5.2.6\www\htdocs\yii\framework\base\CComponent.php:266
Stack trace:
#0 [internal function]: CComponent->__call('registerCoreCss', Array)
#1 D:\APMServ5.2.6\www\htdocs\tfcms\protected\views\layouts\main.php(17): Bootstrap->registerCoreCss()
#2 D:\APMServ5.2.6\www\htdocs\yii\framework\web\CBaseController.php(127): require('D:\APMServ5.2.6...')
#3 D:\APMServ5.2.6\www\htdocs\yii\framework\web\CBaseController.php(96): CBaseController->renderInternal('D:\APMServ5.2.6...', Array, true)
#4 D:\APMServ5.2.6\www\htdocs\yii\framework\web\widgets\CContentDecorator.php(77): CBaseController->renderFile('D:\APMServ5.2.6...', Array, true)
#5 D:\APMServ5.2.6\www\htdocs\yii\framework\web\widgets\CContentDecorator.php(55): CContentDecorator->decorate('<div id="conten...')
#6 D:\APMServ5.2.6\www\htdocs\yii\framework\web\widgets\COutputProcessor.php(45): CContentDecorator->processOutput('<div id="conten...')
#7 D:\APMServ5.2.6\www\htdocs\yii\framework\web\CBaseController.php(207): COutputProcessor->run()
#8 D:\APMServ5.2.6\www\htdocs\yii\framework\web\CBaseController.php(301): CBaseController->endWidget('CContentDecorat...')
#9 D:\APMServ5.2.6\www\htdocs\tfcms\protected\views\layouts\column1.php(5): CBaseController->endContent()
#10 D:\APMServ5.2.6\www\htdocs\yii\framework\web\CBaseController.php(127): require('D:\APMServ5.2.6...')
#11 D:\APMServ5.2.6\www\htdocs\yii\framework\web\CBaseController.php(96): CBaseController->renderInternal('D:\APMServ5.2.6...', Array, true)
#12 D:\APMServ5.2.6\www\htdocs\yii\framework\web\CController.php(785): CBaseController->renderFile('D:\APMServ5.2.6...', Array, true)
#13 D:\APMServ5.2.6\www\htdocs\tfcms\protected\controllers\SiteController.php(32): CController->render('index')
#14 D:\APMServ5.2.6\www\htdocs\yii\framework\web\actions\CInlineAction.php(50): SiteController->actionIndex()
#15 D:\APMServ5.2.6\www\htdocs\yii\framework\web\CController.php(309): CInlineAction->runWithParams(Array)
#16 D:\APMServ5.2.6\www\htdocs\yii\framework\web\CController.php(287): CController->runAction(Object(CInlineAction))
#17 D:\APMServ5.2.6\www\htdocs\yii\framework\web\CController.php(266): CController->runActionWithFilters(Object(CInlineAction), Array)
#18 D:\APMServ5.2.6\www\htdocs\yii\framework\web\CWebApplication.php(276): CController->run('')
#19 D:\APMServ5.2.6\www\htdocs\yii\framework\web\CWebApplication.php(135): CWebApplication->runController('')
#20 D:\APMServ5.2.6\www\htdocs\yii\framework\base\CApplication.php(162): CWebApplication->processRequest()
#21 D:\APMServ5.2.6\www\htdocs\tfcms\index.php(13): CApplication->run()
#22 {main}
REQUEST_URI=/tfcms/index.php
HTTP_REFERER=http://127.0.0.1/tfcms/index.php/gii/controller
---
2012/02/17 08:52:47 [error] [exception.CException] exception 'CException' with message 'Bootstrap and its behaviors do not have a method or closure named "registerCoreCss".' in D:\APMServ5.2.6\www\htdocs\yii\framework\base\CComponent.php:266
Stack trace:
#0 [internal function]: CComponent->__call('registerCoreCss', Array)
#1 D:\APMServ5.2.6\www\htdocs\tfcms\protected\views\layouts\main.php(17): Bootstrap->registerCoreCss()
#2 D:\APMServ5.2.6\www\htdocs\yii\framework\web\CBaseController.php(127): require('D:\APMServ5.2.6...')
#3 D:\APMServ5.2.6\www\htdocs\yii\framework\web\CBaseController.php(96): CBaseController->renderInternal('D:\APMServ5.2.6...', Array, true)
#4 D:\APMServ5.2.6\www\htdocs\yii\framework\web\widgets\CContentDecorator.php(77): CBaseController->renderFile('D:\APMServ5.2.6...', Array, true)
#5 D:\APMServ5.2.6\www\htdocs\yii\framework\web\widgets\CContentDecorator.php(55): CContentDecorator->decorate('<div id="conten...')
#6 D:\APMServ5.2.6\www\htdocs\yii\framework\web\widgets\COutputProcessor.php(45): CContentDecorator->processOutput('<div id="conten...')
#7 D:\APMServ5.2.6\www\htdocs\yii\framework\web\CBaseController.php(207): COutputProcessor->run()
#8 D:\APMServ5.2.6\www\htdocs\yii\framework\web\CBaseController.php(301): CBaseController->endWidget('CContentDecorat...')
#9 D:\APMServ5.2.6\www\htdocs\tfcms\protected\views\layouts\column1.php(5): CBaseController->endContent()
#10 D:\APMServ5.2.6\www\htdocs\yii\framework\web\CBaseController.php(127): require('D:\APMServ5.2.6...')
#11 D:\APMServ5.2.6\www\htdocs\yii\framework\web\CBaseController.php(96): CBaseController->renderInternal('D:\APMServ5.2.6...', Array, true)
#12 D:\APMServ5.2.6\www\htdocs\yii\framework\web\CController.php(785): CBaseController->renderFile('D:\APMServ5.2.6...', Array, true)
#13 D:\APMServ5.2.6\www\htdocs\tfcms\protected\controllers\SiteController.php(32): CController->render('index')
#14 D:\APMServ5.2.6\www\htdocs\yii\framework\web\actions\CInlineAction.php(50): SiteController->actionIndex()
#15 D:\APMServ5.2.6\www\htdocs\yii\framework\web\CController.php(309): CInlineAction->runWithParams(Array)
#16 D:\APMServ5.2.6\www\htdocs\yii\framework\web\CController.php(287): CController->runAction(Object(CInlineAction))
#17 D:\APMServ5.2.6\www\htdocs\yii\framework\web\CController.php(266): CController->runActionWithFilters(Object(CInlineAction), Array)
#18 D:\APMServ5.2.6\www\htdocs\yii\framework\web\CWebApplication.php(276): CController->run('')
#19 D:\APMServ5.2.6\www\htdocs\yii\framework\web\CWebApplication.php(135): CWebApplication->runController('')
#20 D:\APMServ5.2.6\www\htdocs\yii\framework\base\CApplication.php(162): CWebApplication->processRequest()
#21 D:\APMServ5.2.6\www\htdocs\tfcms\index.php(13): CApplication->run()
#22 {main}
REQUEST_URI=/tfcms/index.php
HTTP_REFERER=http://127.0.0.1/tfcms/index.php/gii/controller
---
2012/02/17 08:52:47 [error] [exception.CException] exception 'CException' with message 'Bootstrap and its behaviors do not have a method or closure named "registerCoreCss".' in D:\APMServ5.2.6\www\htdocs\yii\framework\base\CComponent.php:266
Stack trace:
#0 [internal function]: CComponent->__call('registerCoreCss', Array)
#1 D:\APMServ5.2.6\www\htdocs\tfcms\protected\views\layouts\main.php(17): Bootstrap->registerCoreCss()
#2 D:\APMServ5.2.6\www\htdocs\yii\framework\web\CBaseController.php(127): require('D:\APMServ5.2.6...')
#3 D:\APMServ5.2.6\www\htdocs\yii\framework\web\CBaseController.php(96): CBaseController->renderInternal('D:\APMServ5.2.6...', Array, true)
#4 D:\APMServ5.2.6\www\htdocs\yii\framework\web\widgets\CContentDecorator.php(77): CBaseController->renderFile('D:\APMServ5.2.6...', Array, true)
#5 D:\APMServ5.2.6\www\htdocs\yii\framework\web\widgets\CContentDecorator.php(55): CContentDecorator->decorate('<div id="conten...')
#6 D:\APMServ5.2.6\www\htdocs\yii\framework\web\widgets\COutputProcessor.php(45): CContentDecorator->processOutput('<div id="conten...')
#7 D:\APMServ5.2.6\www\htdocs\yii\framework\web\CBaseController.php(207): COutputProcessor->run()
#8 D:\APMServ5.2.6\www\htdocs\yii\framework\web\CBaseController.php(301): CBaseController->endWidget('CContentDecorat...')
#9 D:\APMServ5.2.6\www\htdocs\tfcms\protected\views\layouts\column1.php(5): CBaseController->endContent()
#10 D:\APMServ5.2.6\www\htdocs\yii\framework\web\CBaseController.php(127): require('D:\APMServ5.2.6...')
#11 D:\APMServ5.2.6\www\htdocs\yii\framework\web\CBaseController.php(96): CBaseController->renderInternal('D:\APMServ5.2.6...', Array, true)
#12 D:\APMServ5.2.6\www\htdocs\yii\framework\web\CController.php(785): CBaseController->renderFile('D:\APMServ5.2.6...', Array, true)
#13 D:\APMServ5.2.6\www\htdocs\tfcms\protected\controllers\SiteController.php(32): CController->render('index')
#14 D:\APMServ5.2.6\www\htdocs\yii\framework\web\actions\CInlineAction.php(50): SiteController->actionIndex()
#15 D:\APMServ5.2.6\www\htdocs\yii\framework\web\CController.php(309): CInlineAction->runWithParams(Array)
#16 D:\APMServ5.2.6\www\htdocs\yii\framework\web\CController.php(287): CController->runAction(Object(CInlineAction))
#17 D:\APMServ5.2.6\www\htdocs\yii\framework\web\CController.php(266): CController->runActionWithFilters(Object(CInlineAction), Array)
#18 D:\APMServ5.2.6\www\htdocs\yii\framework\web\CWebApplication.php(276): CController->run('')
#19 D:\APMServ5.2.6\www\htdocs\yii\framework\web\CWebApplication.php(135): CWebApplication->runController('')
#20 D:\APMServ5.2.6\www\htdocs\yii\framework\base\CApplication.php(162): CWebApplication->processRequest()
#21 D:\APMServ5.2.6\www\htdocs\tfcms\index.php(13): CApplication->run()
#22 {main}
REQUEST_URI=/tfcms/index.php
HTTP_REFERER=http://127.0.0.1/tfcms/index.php/gii/controller
---
2012/02/17 08:52:48 [error] [exception.CException] exception 'CException' with message 'Bootstrap and its behaviors do not have a method or closure named "registerCoreCss".' in D:\APMServ5.2.6\www\htdocs\yii\framework\base\CComponent.php:266
Stack trace:
#0 [internal function]: CComponent->__call('registerCoreCss', Array)
#1 D:\APMServ5.2.6\www\htdocs\tfcms\protected\views\layouts\main.php(17): Bootstrap->registerCoreCss()
#2 D:\APMServ5.2.6\www\htdocs\yii\framework\web\CBaseController.php(127): require('D:\APMServ5.2.6...')
#3 D:\APMServ5.2.6\www\htdocs\yii\framework\web\CBaseController.php(96): CBaseController->renderInternal('D:\APMServ5.2.6...', Array, true)
#4 D:\APMServ5.2.6\www\htdocs\yii\framework\web\widgets\CContentDecorator.php(77): CBaseController->renderFile('D:\APMServ5.2.6...', Array, true)
#5 D:\APMServ5.2.6\www\htdocs\yii\framework\web\widgets\CContentDecorator.php(55): CContentDecorator->decorate('<div id="conten...')
#6 D:\APMServ5.2.6\www\htdocs\yii\framework\web\widgets\COutputProcessor.php(45): CContentDecorator->processOutput('<div id="conten...')
#7 D:\APMServ5.2.6\www\htdocs\yii\framework\web\CBaseController.php(207): COutputProcessor->run()
#8 D:\APMServ5.2.6\www\htdocs\yii\framework\web\CBaseController.php(301): CBaseController->endWidget('CContentDecorat...')
#9 D:\APMServ5.2.6\www\htdocs\tfcms\protected\views\layouts\column1.php(5): CBaseController->endContent()
#10 D:\APMServ5.2.6\www\htdocs\yii\framework\web\CBaseController.php(127): require('D:\APMServ5.2.6...')
#11 D:\APMServ5.2.6\www\htdocs\yii\framework\web\CBaseController.php(96): CBaseController->renderInternal('D:\APMServ5.2.6...', Array, true)
#12 D:\APMServ5.2.6\www\htdocs\yii\framework\web\CController.php(785): CBaseController->renderFile('D:\APMServ5.2.6...', Array, true)
#13 D:\APMServ5.2.6\www\htdocs\tfcms\protected\controllers\SiteController.php(32): CController->render('index')
#14 D:\APMServ5.2.6\www\htdocs\yii\framework\web\actions\CInlineAction.php(50): SiteController->actionIndex()
#15 D:\APMServ5.2.6\www\htdocs\yii\framework\web\CController.php(309): CInlineAction->runWithParams(Array)
#16 D:\APMServ5.2.6\www\htdocs\yii\framework\web\CController.php(287): CController->runAction(Object(CInlineAction))
#17 D:\APMServ5.2.6\www\htdocs\yii\framework\web\CController.php(266): CController->runActionWithFilters(Object(CInlineAction), Array)
#18 D:\APMServ5.2.6\www\htdocs\yii\framework\web\CWebApplication.php(276): CController->run('')
#19 D:\APMServ5.2.6\www\htdocs\yii\framework\web\CWebApplication.php(135): CWebApplication->runController('')
#20 D:\APMServ5.2.6\www\htdocs\yii\framework\base\CApplication.php(162): CWebApplication->processRequest()
#21 D:\APMServ5.2.6\www\htdocs\tfcms\index.php(13): CApplication->run()
#22 {main}
REQUEST_URI=/tfcms/index.php
HTTP_REFERER=http://127.0.0.1/tfcms/index.php/gii/controller
---
2012/02/17 08:52:48 [error] [exception.CException] exception 'CException' with message 'Bootstrap and its behaviors do not have a method or closure named "registerCoreCss".' in D:\APMServ5.2.6\www\htdocs\yii\framework\base\CComponent.php:266
Stack trace:
#0 [internal function]: CComponent->__call('registerCoreCss', Array)
#1 D:\APMServ5.2.6\www\htdocs\tfcms\protected\views\layouts\main.php(17): Bootstrap->registerCoreCss()
#2 D:\APMServ5.2.6\www\htdocs\yii\framework\web\CBaseController.php(127): require('D:\APMServ5.2.6...')
#3 D:\APMServ5.2.6\www\htdocs\yii\framework\web\CBaseController.php(96): CBaseController->renderInternal('D:\APMServ5.2.6...', Array, true)
#4 D:\APMServ5.2.6\www\htdocs\yii\framework\web\widgets\CContentDecorator.php(77): CBaseController->renderFile('D:\APMServ5.2.6...', Array, true)
#5 D:\APMServ5.2.6\www\htdocs\yii\framework\web\widgets\CContentDecorator.php(55): CContentDecorator->decorate('<div id="conten...')
#6 D:\APMServ5.2.6\www\htdocs\yii\framework\web\widgets\COutputProcessor.php(45): CContentDecorator->processOutput('<div id="conten...')
#7 D:\APMServ5.2.6\www\htdocs\yii\framework\web\CBaseController.php(207): COutputProcessor->run()
#8 D:\APMServ5.2.6\www\htdocs\yii\framework\web\CBaseController.php(301): CBaseController->endWidget('CContentDecorat...')
#9 D:\APMServ5.2.6\www\htdocs\tfcms\protected\views\layouts\column1.php(5): CBaseController->endContent()
#10 D:\APMServ5.2.6\www\htdocs\yii\framework\web\CBaseController.php(127): require('D:\APMServ5.2.6...')
#11 D:\APMServ5.2.6\www\htdocs\yii\framework\web\CBaseController.php(96): CBaseController->renderInternal('D:\APMServ5.2.6...', Array, true)
#12 D:\APMServ5.2.6\www\htdocs\yii\framework\web\CController.php(785): CBaseController->renderFile('D:\APMServ5.2.6...', Array, true)
#13 D:\APMServ5.2.6\www\htdocs\tfcms\protected\controllers\SiteController.php(32): CController->render('index')
#14 D:\APMServ5.2.6\www\htdocs\yii\framework\web\actions\CInlineAction.php(50): SiteController->actionIndex()
#15 D:\APMServ5.2.6\www\htdocs\yii\framework\web\CController.php(309): CInlineAction->runWithParams(Array)
#16 D:\APMServ5.2.6\www\htdocs\yii\framework\web\CController.php(287): CController->runAction(Object(CInlineAction))
#17 D:\APMServ5.2.6\www\htdocs\yii\framework\web\CController.php(266): CController->runActionWithFilters(Object(CInlineAction), Array)
#18 D:\APMServ5.2.6\www\htdocs\yii\framework\web\CWebApplication.php(276): CController->run('')
#19 D:\APMServ5.2.6\www\htdocs\yii\framework\web\CWebApplication.php(135): CWebApplication->runController('')
#20 D:\APMServ5.2.6\www\htdocs\yii\framework\base\CApplication.php(162): CWebApplication->processRequest()
#21 D:\APMServ5.2.6\www\htdocs\tfcms\index.php(13): CApplication->run()
#22 {main}
REQUEST_URI=/tfcms/index.php
HTTP_REFERER=http://127.0.0.1/tfcms/index.php/gii/controller
---
2012/02/17 08:52:49 [error] [exception.CException] exception 'CException' with message 'Bootstrap and its behaviors do not have a method or closure named "registerCoreCss".' in D:\APMServ5.2.6\www\htdocs\yii\framework\base\CComponent.php:266
Stack trace:
#0 [internal function]: CComponent->__call('registerCoreCss', Array)
#1 D:\APMServ5.2.6\www\htdocs\tfcms\protected\views\layouts\main.php(17): Bootstrap->registerCoreCss()
#2 D:\APMServ5.2.6\www\htdocs\yii\framework\web\CBaseController.php(127): require('D:\APMServ5.2.6...')
#3 D:\APMServ5.2.6\www\htdocs\yii\framework\web\CBaseController.php(96): CBaseController->renderInternal('D:\APMServ5.2.6...', Array, true)
#4 D:\APMServ5.2.6\www\htdocs\yii\framework\web\widgets\CContentDecorator.php(77): CBaseController->renderFile('D:\APMServ5.2.6...', Array, true)
#5 D:\APMServ5.2.6\www\htdocs\yii\framework\web\widgets\CContentDecorator.php(55): CContentDecorator->decorate('<div id="conten...')
#6 D:\APMServ5.2.6\www\htdocs\yii\framework\web\widgets\COutputProcessor.php(45): CContentDecorator->processOutput('<div id="conten...')
#7 D:\APMServ5.2.6\www\htdocs\yii\framework\web\CBaseController.php(207): COutputProcessor->run()
#8 D:\APMServ5.2.6\www\htdocs\yii\framework\web\CBaseController.php(301): CBaseController->endWidget('CContentDecorat...')
#9 D:\APMServ5.2.6\www\htdocs\tfcms\protected\views\layouts\column1.php(5): CBaseController->endContent()
#10 D:\APMServ5.2.6\www\htdocs\yii\framework\web\CBaseController.php(127): require('D:\APMServ5.2.6...')
#11 D:\APMServ5.2.6\www\htdocs\yii\framework\web\CBaseController.php(96): CBaseController->renderInternal('D:\APMServ5.2.6...', Array, true)
#12 D:\APMServ5.2.6\www\htdocs\yii\framework\web\CController.php(785): CBaseController->renderFile('D:\APMServ5.2.6...', Array, true)
#13 D:\APMServ5.2.6\www\htdocs\tfcms\protected\controllers\SiteController.php(32): CController->render('index')
#14 D:\APMServ5.2.6\www\htdocs\yii\framework\web\actions\CInlineAction.php(50): SiteController->actionIndex()
#15 D:\APMServ5.2.6\www\htdocs\yii\framework\web\CController.php(309): CInlineAction->runWithParams(Array)
#16 D:\APMServ5.2.6\www\htdocs\yii\framework\web\CController.php(287): CController->runAction(Object(CInlineAction))
#17 D:\APMServ5.2.6\www\htdocs\yii\framework\web\CController.php(266): CController->runActionWithFilters(Object(CInlineAction), Array)
#18 D:\APMServ5.2.6\www\htdocs\yii\framework\web\CWebApplication.php(276): CController->run('')
#19 D:\APMServ5.2.6\www\htdocs\yii\framework\web\CWebApplication.php(135): CWebApplication->runController('')
#20 D:\APMServ5.2.6\www\htdocs\yii\framework\base\CApplication.php(162): CWebApplication->processRequest()
#21 D:\APMServ5.2.6\www\htdocs\tfcms\index.php(13): CApplication->run()
#22 {main}
REQUEST_URI=/tfcms/index.php
HTTP_REFERER=http://127.0.0.1/tfcms/index.php/gii/controller
---
2012/02/17 08:52:49 [error] [exception.CException] exception 'CException' with message 'Bootstrap and its behaviors do not have a method or closure named "registerCoreCss".' in D:\APMServ5.2.6\www\htdocs\yii\framework\base\CComponent.php:266
Stack trace:
#0 [internal function]: CComponent->__call('registerCoreCss', Array)
#1 D:\APMServ5.2.6\www\htdocs\tfcms\protected\views\layouts\main.php(17): Bootstrap->registerCoreCss()
#2 D:\APMServ5.2.6\www\htdocs\yii\framework\web\CBaseController.php(127): require('D:\APMServ5.2.6...')
#3 D:\APMServ5.2.6\www\htdocs\yii\framework\web\CBaseController.php(96): CBaseController->renderInternal('D:\APMServ5.2.6...', Array, true)
#4 D:\APMServ5.2.6\www\htdocs\yii\framework\web\widgets\CContentDecorator.php(77): CBaseController->renderFile('D:\APMServ5.2.6...', Array, true)
#5 D:\APMServ5.2.6\www\htdocs\yii\framework\web\widgets\CContentDecorator.php(55): CContentDecorator->decorate('<div id="conten...')
#6 D:\APMServ5.2.6\www\htdocs\yii\framework\web\widgets\COutputProcessor.php(45): CContentDecorator->processOutput('<div id="conten...')
#7 D:\APMServ5.2.6\www\htdocs\yii\framework\web\CBaseController.php(207): COutputProcessor->run()
#8 D:\APMServ5.2.6\www\htdocs\yii\framework\web\CBaseController.php(301): CBaseController->endWidget('CContentDecorat...')
#9 D:\APMServ5.2.6\www\htdocs\tfcms\protected\views\layouts\column1.php(5): CBaseController->endContent()
#10 D:\APMServ5.2.6\www\htdocs\yii\framework\web\CBaseController.php(127): require('D:\APMServ5.2.6...')
#11 D:\APMServ5.2.6\www\htdocs\yii\framework\web\CBaseController.php(96): CBaseController->renderInternal('D:\APMServ5.2.6...', Array, true)
#12 D:\APMServ5.2.6\www\htdocs\yii\framework\web\CController.php(785): CBaseController->renderFile('D:\APMServ5.2.6...', Array, true)
#13 D:\APMServ5.2.6\www\htdocs\tfcms\protected\controllers\SiteController.php(32): CController->render('index')
#14 D:\APMServ5.2.6\www\htdocs\yii\framework\web\actions\CInlineAction.php(50): SiteController->actionIndex()
#15 D:\APMServ5.2.6\www\htdocs\yii\framework\web\CController.php(309): CInlineAction->runWithParams(Array)
#16 D:\APMServ5.2.6\www\htdocs\yii\framework\web\CController.php(287): CController->runAction(Object(CInlineAction))
#17 D:\APMServ5.2.6\www\htdocs\yii\framework\web\CController.php(266): CController->runActionWithFilters(Object(CInlineAction), Array)
#18 D:\APMServ5.2.6\www\htdocs\yii\framework\web\CWebApplication.php(276): CController->run('')
#19 D:\APMServ5.2.6\www\htdocs\yii\framework\web\CWebApplication.php(135): CWebApplication->runController('')
#20 D:\APMServ5.2.6\www\htdocs\yii\framework\base\CApplication.php(162): CWebApplication->processRequest()
#21 D:\APMServ5.2.6\www\htdocs\tfcms\index.php(13): CApplication->run()
#22 {main}
REQUEST_URI=/tfcms/index.php
HTTP_REFERER=http://127.0.0.1/tfcms/index.php/gii/controller
---
2012/02/17 09:36:21 [error] [system.db.CDbCommand] CDbCommand::fetchAll() failed: SQLSTATE[42S02]: Base table or view not found: 1146 Table 'tfcms.{{users}}' doesn't exist. The SQL statement executed was: SHOW COLUMNS FROM `{{users}}`.
in D:\APMServ5.2.6\www\htdocs\tfcms\protected\modules\user\models\User.php (28)
in D:\APMServ5.2.6\www\htdocs\tfcms\protected\modules\user\components\UserIdentity.php (27)
in D:\APMServ5.2.6\www\htdocs\tfcms\protected\modules\user\models\UserLogin.php (52)
2012/02/17 09:36:21 [error] [exception.CDbException] exception 'CDbException' with message 'The table "{{users}}" for active record class "User" cannot be found in the database.' in D:\APMServ5.2.6\www\htdocs\yii\framework\db\ar\CActiveRecord.php:2264
Stack trace:
#0 D:\APMServ5.2.6\www\htdocs\yii\framework\db\ar\CActiveRecord.php(379): CActiveRecordMetaData->__construct(Object(User))
#1 D:\APMServ5.2.6\www\htdocs\tfcms\protected\modules\user\models\User.php(28): CActiveRecord::model('User')
#2 D:\APMServ5.2.6\www\htdocs\tfcms\protected\modules\user\components\UserIdentity.php(27): User::model()
#3 D:\APMServ5.2.6\www\htdocs\tfcms\protected\modules\user\models\UserLogin.php(52): UserIdentity->authenticate()
#4 D:\APMServ5.2.6\www\htdocs\yii\framework\validators\CInlineValidator.php(43): UserLogin->authenticate('password', Array)
#5 D:\APMServ5.2.6\www\htdocs\yii\framework\validators\CValidator.php(197): CInlineValidator->validateAttribute(Object(UserLogin), 'password')
#6 D:\APMServ5.2.6\www\htdocs\yii\framework\base\CModel.php(158): CValidator->validate(Object(UserLogin), NULL)
#7 D:\APMServ5.2.6\www\htdocs\tfcms\protected\modules\user\controllers\LoginController.php(19): CModel->validate()
#8 D:\APMServ5.2.6\www\htdocs\yii\framework\web\actions\CInlineAction.php(50): LoginController->actionLogin()
#9 D:\APMServ5.2.6\www\htdocs\yii\framework\web\CController.php(309): CInlineAction->runWithParams(Array)
#10 D:\APMServ5.2.6\www\htdocs\yii\framework\web\CController.php(287): CController->runAction(Object(CInlineAction))
#11 D:\APMServ5.2.6\www\htdocs\yii\framework\web\CController.php(266): CController->runActionWithFilters(Object(CInlineAction), Array)
#12 D:\APMServ5.2.6\www\htdocs\yii\framework\web\CWebApplication.php(276): CController->run('')
#13 D:\APMServ5.2.6\www\htdocs\yii\framework\web\CWebApplication.php(135): CWebApplication->runController('user/login')
#14 D:\APMServ5.2.6\www\htdocs\yii\framework\base\CApplication.php(162): CWebApplication->processRequest()
#15 D:\APMServ5.2.6\www\htdocs\tfcms\index.php(13): CApplication->run()
#16 {main}
REQUEST_URI=/tfcms/index.php/user/login
HTTP_REFERER=http://127.0.0.1/tfcms/index.php/user/login
---
2012/02/17 09:36:41 [error] [system.db.CDbCommand] CDbCommand::fetchAll() failed: SQLSTATE[42S02]: Base table or view not found: 1146 Table 'tfcms.{{users}}' doesn't exist. The SQL statement executed was: SHOW COLUMNS FROM `{{users}}`.
in D:\APMServ5.2.6\www\htdocs\tfcms\protected\modules\user\models\User.php (28)
in D:\APMServ5.2.6\www\htdocs\tfcms\protected\modules\user\components\UserIdentity.php (27)
in D:\APMServ5.2.6\www\htdocs\tfcms\protected\modules\user\models\UserLogin.php (52)
2012/02/17 09:36:41 [error] [exception.CDbException] exception 'CDbException' with message 'The table "{{users}}" for active record class "User" cannot be found in the database.' in D:\APMServ5.2.6\www\htdocs\yii\framework\db\ar\CActiveRecord.php:2264
Stack trace:
#0 D:\APMServ5.2.6\www\htdocs\yii\framework\db\ar\CActiveRecord.php(379): CActiveRecordMetaData->__construct(Object(User))
#1 D:\APMServ5.2.6\www\htdocs\tfcms\protected\modules\user\models\User.php(28): CActiveRecord::model('User')
#2 D:\APMServ5.2.6\www\htdocs\tfcms\protected\modules\user\components\UserIdentity.php(27): User::model()
#3 D:\APMServ5.2.6\www\htdocs\tfcms\protected\modules\user\models\UserLogin.php(52): UserIdentity->authenticate()
#4 D:\APMServ5.2.6\www\htdocs\yii\framework\validators\CInlineValidator.php(43): UserLogin->authenticate('password', Array)
#5 D:\APMServ5.2.6\www\htdocs\yii\framework\validators\CValidator.php(197): CInlineValidator->validateAttribute(Object(UserLogin), 'password')
#6 D:\APMServ5.2.6\www\htdocs\yii\framework\base\CModel.php(158): CValidator->validate(Object(UserLogin), NULL)
#7 D:\APMServ5.2.6\www\htdocs\tfcms\protected\modules\user\controllers\LoginController.php(19): CModel->validate()
#8 D:\APMServ5.2.6\www\htdocs\yii\framework\web\actions\CInlineAction.php(50): LoginController->actionLogin()
#9 D:\APMServ5.2.6\www\htdocs\yii\framework\web\CController.php(309): CInlineAction->runWithParams(Array)
#10 D:\APMServ5.2.6\www\htdocs\yii\framework\web\CController.php(287): CController->runAction(Object(CInlineAction))
#11 D:\APMServ5.2.6\www\htdocs\yii\framework\web\CController.php(266): CController->runActionWithFilters(Object(CInlineAction), Array)
#12 D:\APMServ5.2.6\www\htdocs\yii\framework\web\CWebApplication.php(276): CController->run('')
#13 D:\APMServ5.2.6\www\htdocs\yii\framework\web\CWebApplication.php(135): CWebApplication->runController('user/login')
#14 D:\APMServ5.2.6\www\htdocs\yii\framework\base\CApplication.php(162): CWebApplication->processRequest()
#15 D:\APMServ5.2.6\www\htdocs\tfcms\index.php(13): CApplication->run()
#16 {main}
REQUEST_URI=/tfcms/index.php/user/login
HTTP_REFERER=http://127.0.0.1/tfcms/index.php/user/login
---
2012/02/17 09:54:08 [error] [exception.CException] exception 'CException' with message 'Property "BootNavbar.class" is not defined.' in D:\APMServ5.2.6\www\htdocs\yii\framework\base\CComponent.php:174
Stack trace:
#0 D:\APMServ5.2.6\www\htdocs\yii\framework\web\CWidgetFactory.php(162): CComponent->__set('class', 'bootstrap.widge...')
#1 D:\APMServ5.2.6\www\htdocs\yii\framework\web\CBaseController.php(147): CWidgetFactory->createWidget(Object(SiteController), 'bootstrap.widge...', Array)
#2 D:\APMServ5.2.6\www\htdocs\yii\framework\web\CBaseController.php(173): CBaseController->createWidget('bootstrap.widge...', Array)
#3 D:\APMServ5.2.6\www\htdocs\tfcms\protected\views\layouts\main.php(42): CBaseController->widget('bootstrap.widge...', Array)
#4 D:\APMServ5.2.6\www\htdocs\yii\framework\web\CBaseController.php(127): require('D:\APMServ5.2.6...')
#5 D:\APMServ5.2.6\www\htdocs\yii\framework\web\CBaseController.php(96): CBaseController->renderInternal('D:\APMServ5.2.6...', Array, true)
#6 D:\APMServ5.2.6\www\htdocs\yii\framework\web\widgets\CContentDecorator.php(77): CBaseController->renderFile('D:\APMServ5.2.6...', Array, true)
#7 D:\APMServ5.2.6\www\htdocs\yii\framework\web\widgets\CContentDecorator.php(55): CContentDecorator->decorate('<div id="conten...')
#8 D:\APMServ5.2.6\www\htdocs\yii\framework\web\widgets\COutputProcessor.php(45): CContentDecorator->processOutput('<div id="conten...')
#9 D:\APMServ5.2.6\www\htdocs\yii\framework\web\CBaseController.php(207): COutputProcessor->run()
#10 D:\APMServ5.2.6\www\htdocs\yii\framework\web\CBaseController.php(301): CBaseController->endWidget('CContentDecorat...')
#11 D:\APMServ5.2.6\www\htdocs\tfcms\protected\views\layouts\column1.php(5): CBaseController->endContent()
#12 D:\APMServ5.2.6\www\htdocs\yii\framework\web\CBaseController.php(127): require('D:\APMServ5.2.6...')
#13 D:\APMServ5.2.6\www\htdocs\yii\framework\web\CBaseController.php(96): CBaseController->renderInternal('D:\APMServ5.2.6...', Array, true)
#14 D:\APMServ5.2.6\www\htdocs\yii\framework\web\CController.php(785): CBaseController->renderFile('D:\APMServ5.2.6...', Array, true)
#15 D:\APMServ5.2.6\www\htdocs\tfcms\protected\controllers\SiteController.php(32): CController->render('index')
#16 D:\APMServ5.2.6\www\htdocs\yii\framework\web\actions\CInlineAction.php(50): SiteController->actionIndex()
#17 D:\APMServ5.2.6\www\htdocs\yii\framework\web\CController.php(309): CInlineAction->runWithParams(Array)
#18 D:\APMServ5.2.6\www\htdocs\yii\framework\web\CController.php(287): CController->runAction(Object(CInlineAction))
#19 D:\APMServ5.2.6\www\htdocs\yii\framework\web\CController.php(266): CController->runActionWithFilters(Object(CInlineAction), Array)
#20 D:\APMServ5.2.6\www\htdocs\yii\framework\web\CWebApplication.php(276): CController->run('')
#21 D:\APMServ5.2.6\www\htdocs\yii\framework\web\CWebApplication.php(135): CWebApplication->runController('')
#22 D:\APMServ5.2.6\www\htdocs\yii\framework\base\CApplication.php(162): CWebApplication->processRequest()
#23 D:\APMServ5.2.6\www\htdocs\tfcms\index.php(13): CApplication->run()
#24 {main}
REQUEST_URI=/tfcms/index.php
HTTP_REFERER=http://127.0.0.1/tfcms/index.php/user/registration
---
2012/02/17 09:58:46 [error] [exception.CException] exception 'CException' with message 'Property "BootNavbar.class" is not defined.' in D:\APMServ5.2.6\www\htdocs\yii\framework\base\CComponent.php:174
Stack trace:
#0 D:\APMServ5.2.6\www\htdocs\yii\framework\web\CWidgetFactory.php(162): CComponent->__set('class', 'bootstrap.widge...')
#1 D:\APMServ5.2.6\www\htdocs\yii\framework\web\CBaseController.php(147): CWidgetFactory->createWidget(Object(SiteController), 'bootstrap.widge...', Array)
#2 D:\APMServ5.2.6\www\htdocs\yii\framework\web\CBaseController.php(173): CBaseController->createWidget('bootstrap.widge...', Array)
#3 D:\APMServ5.2.6\www\htdocs\tfcms\protected\views\layouts\main.php(45): CBaseController->widget('bootstrap.widge...', Array)
#4 D:\APMServ5.2.6\www\htdocs\yii\framework\web\CBaseController.php(127): require('D:\APMServ5.2.6...')
#5 D:\APMServ5.2.6\www\htdocs\yii\framework\web\CBaseController.php(96): CBaseController->renderInternal('D:\APMServ5.2.6...', Array, true)
#6 D:\APMServ5.2.6\www\htdocs\yii\framework\web\widgets\CContentDecorator.php(77): CBaseController->renderFile('D:\APMServ5.2.6...', Array, true)
#7 D:\APMServ5.2.6\www\htdocs\yii\framework\web\widgets\CContentDecorator.php(55): CContentDecorator->decorate('<div id="conten...')
#8 D:\APMServ5.2.6\www\htdocs\yii\framework\web\widgets\COutputProcessor.php(45): CContentDecorator->processOutput('<div id="conten...')
#9 D:\APMServ5.2.6\www\htdocs\yii\framework\web\CBaseController.php(207): COutputProcessor->run()
#10 D:\APMServ5.2.6\www\htdocs\yii\framework\web\CBaseController.php(301): CBaseController->endWidget('CContentDecorat...')
#11 D:\APMServ5.2.6\www\htdocs\tfcms\protected\views\layouts\column1.php(5): CBaseController->endContent()
#12 D:\APMServ5.2.6\www\htdocs\yii\framework\web\CBaseController.php(127): require('D:\APMServ5.2.6...')
#13 D:\APMServ5.2.6\www\htdocs\yii\framework\web\CBaseController.php(96): CBaseController->renderInternal('D:\APMServ5.2.6...', Array, true)
#14 D:\APMServ5.2.6\www\htdocs\yii\framework\web\CController.php(785): CBaseController->renderFile('D:\APMServ5.2.6...', Array, true)
#15 D:\APMServ5.2.6\www\htdocs\tfcms\protected\controllers\SiteController.php(32): CController->render('index')
#16 D:\APMServ5.2.6\www\htdocs\yii\framework\web\actions\CInlineAction.php(50): SiteController->actionIndex()
#17 D:\APMServ5.2.6\www\htdocs\yii\framework\web\CController.php(309): CInlineAction->runWithParams(Array)
#18 D:\APMServ5.2.6\www\htdocs\yii\framework\web\CController.php(287): CController->runAction(Object(CInlineAction))
#19 D:\APMServ5.2.6\www\htdocs\yii\framework\web\CController.php(266): CController->runActionWithFilters(Object(CInlineAction), Array)
#20 D:\APMServ5.2.6\www\htdocs\yii\framework\web\CWebApplication.php(276): CController->run('')
#21 D:\APMServ5.2.6\www\htdocs\yii\framework\web\CWebApplication.php(135): CWebApplication->runController('')
#22 D:\APMServ5.2.6\www\htdocs\yii\framework\base\CApplication.php(162): CWebApplication->processRequest()
#23 D:\APMServ5.2.6\www\htdocs\tfcms\index.php(13): CApplication->run()
#24 {main}
REQUEST_URI=/tfcms/index.php
HTTP_REFERER=http://127.0.0.1/tfcms/index.php/user/registration
---
2012/02/17 09:58:47 [error] [exception.CException] exception 'CException' with message 'Property "BootNavbar.class" is not defined.' in D:\APMServ5.2.6\www\htdocs\yii\framework\base\CComponent.php:174
Stack trace:
#0 D:\APMServ5.2.6\www\htdocs\yii\framework\web\CWidgetFactory.php(162): CComponent->__set('class', 'bootstrap.widge...')
#1 D:\APMServ5.2.6\www\htdocs\yii\framework\web\CBaseController.php(147): CWidgetFactory->createWidget(Object(SiteController), 'bootstrap.widge...', Array)
#2 D:\APMServ5.2.6\www\htdocs\yii\framework\web\CBaseController.php(173): CBaseController->createWidget('bootstrap.widge...', Array)
#3 D:\APMServ5.2.6\www\htdocs\tfcms\protected\views\layouts\main.php(45): CBaseController->widget('bootstrap.widge...', Array)
#4 D:\APMServ5.2.6\www\htdocs\yii\framework\web\CBaseController.php(127): require('D:\APMServ5.2.6...')
#5 D:\APMServ5.2.6\www\htdocs\yii\framework\web\CBaseController.php(96): CBaseController->renderInternal('D:\APMServ5.2.6...', Array, true)
#6 D:\APMServ5.2.6\www\htdocs\yii\framework\web\widgets\CContentDecorator.php(77): CBaseController->renderFile('D:\APMServ5.2.6...', Array, true)
#7 D:\APMServ5.2.6\www\htdocs\yii\framework\web\widgets\CContentDecorator.php(55): CContentDecorator->decorate('<div id="conten...')
#8 D:\APMServ5.2.6\www\htdocs\yii\framework\web\widgets\COutputProcessor.php(45): CContentDecorator->processOutput('<div id="conten...')
#9 D:\APMServ5.2.6\www\htdocs\yii\framework\web\CBaseController.php(207): COutputProcessor->run()
#10 D:\APMServ5.2.6\www\htdocs\yii\framework\web\CBaseController.php(301): CBaseController->endWidget('CContentDecorat...')
#11 D:\APMServ5.2.6\www\htdocs\tfcms\protected\views\layouts\column1.php(5): CBaseController->endContent()
#12 D:\APMServ5.2.6\www\htdocs\yii\framework\web\CBaseController.php(127): require('D:\APMServ5.2.6...')
#13 D:\APMServ5.2.6\www\htdocs\yii\framework\web\CBaseController.php(96): CBaseController->renderInternal('D:\APMServ5.2.6...', Array, true)
#14 D:\APMServ5.2.6\www\htdocs\yii\framework\web\CController.php(785): CBaseController->renderFile('D:\APMServ5.2.6...', Array, true)
#15 D:\APMServ5.2.6\www\htdocs\tfcms\protected\controllers\SiteController.php(32): CController->render('index')
#16 D:\APMServ5.2.6\www\htdocs\yii\framework\web\actions\CInlineAction.php(50): SiteController->actionIndex()
#17 D:\APMServ5.2.6\www\htdocs\yii\framework\web\CController.php(309): CInlineAction->runWithParams(Array)
#18 D:\APMServ5.2.6\www\htdocs\yii\framework\web\CController.php(287): CController->runAction(Object(CInlineAction))
#19 D:\APMServ5.2.6\www\htdocs\yii\framework\web\CController.php(266): CController->runActionWithFilters(Object(CInlineAction), Array)
#20 D:\APMServ5.2.6\www\htdocs\yii\framework\web\CWebApplication.php(276): CController->run('')
#21 D:\APMServ5.2.6\www\htdocs\yii\framework\web\CWebApplication.php(135): CWebApplication->runController('')
#22 D:\APMServ5.2.6\www\htdocs\yii\framework\base\CApplication.php(162): CWebApplication->processRequest()
#23 D:\APMServ5.2.6\www\htdocs\tfcms\index.php(13): CApplication->run()
#24 {main}
REQUEST_URI=/tfcms/index.php
HTTP_REFERER=http://127.0.0.1/tfcms/index.php/user/registration
---
2012/02/17 09:58:48 [error] [exception.CException] exception 'CException' with message 'Property "BootNavbar.class" is not defined.' in D:\APMServ5.2.6\www\htdocs\yii\framework\base\CComponent.php:174
Stack trace:
#0 D:\APMServ5.2.6\www\htdocs\yii\framework\web\CWidgetFactory.php(162): CComponent->__set('class', 'bootstrap.widge...')
#1 D:\APMServ5.2.6\www\htdocs\yii\framework\web\CBaseController.php(147): CWidgetFactory->createWidget(Object(SiteController), 'bootstrap.widge...', Array)
#2 D:\APMServ5.2.6\www\htdocs\yii\framework\web\CBaseController.php(173): CBaseController->createWidget('bootstrap.widge...', Array)
#3 D:\APMServ5.2.6\www\htdocs\tfcms\protected\views\layouts\main.php(45): CBaseController->widget('bootstrap.widge...', Array)
#4 D:\APMServ5.2.6\www\htdocs\yii\framework\web\CBaseController.php(127): require('D:\APMServ5.2.6...')
#5 D:\APMServ5.2.6\www\htdocs\yii\framework\web\CBaseController.php(96): CBaseController->renderInternal('D:\APMServ5.2.6...', Array, true)
#6 D:\APMServ5.2.6\www\htdocs\yii\framework\web\widgets\CContentDecorator.php(77): CBaseController->renderFile('D:\APMServ5.2.6...', Array, true)
#7 D:\APMServ5.2.6\www\htdocs\yii\framework\web\widgets\CContentDecorator.php(55): CContentDecorator->decorate('<div id="conten...')
#8 D:\APMServ5.2.6\www\htdocs\yii\framework\web\widgets\COutputProcessor.php(45): CContentDecorator->processOutput('<div id="conten...')
#9 D:\APMServ5.2.6\www\htdocs\yii\framework\web\CBaseController.php(207): COutputProcessor->run()
#10 D:\APMServ5.2.6\www\htdocs\yii\framework\web\CBaseController.php(301): CBaseController->endWidget('CContentDecorat...')
#11 D:\APMServ5.2.6\www\htdocs\tfcms\protected\views\layouts\column1.php(5): CBaseController->endContent()
#12 D:\APMServ5.2.6\www\htdocs\yii\framework\web\CBaseController.php(127): require('D:\APMServ5.2.6...')
#13 D:\APMServ5.2.6\www\htdocs\yii\framework\web\CBaseController.php(96): CBaseController->renderInternal('D:\APMServ5.2.6...', Array, true)
#14 D:\APMServ5.2.6\www\htdocs\yii\framework\web\CController.php(785): CBaseController->renderFile('D:\APMServ5.2.6...', Array, true)
#15 D:\APMServ5.2.6\www\htdocs\tfcms\protected\controllers\SiteController.php(32): CController->render('index')
#16 D:\APMServ5.2.6\www\htdocs\yii\framework\web\actions\CInlineAction.php(50): SiteController->actionIndex()
#17 D:\APMServ5.2.6\www\htdocs\yii\framework\web\CController.php(309): CInlineAction->runWithParams(Array)
#18 D:\APMServ5.2.6\www\htdocs\yii\framework\web\CController.php(287): CController->runAction(Object(CInlineAction))
#19 D:\APMServ5.2.6\www\htdocs\yii\framework\web\CController.php(266): CController->runActionWithFilters(Object(CInlineAction), Array)
#20 D:\APMServ5.2.6\www\htdocs\yii\framework\web\CWebApplication.php(276): CController->run('')
#21 D:\APMServ5.2.6\www\htdocs\yii\framework\web\CWebApplication.php(135): CWebApplication->runController('')
#22 D:\APMServ5.2.6\www\htdocs\yii\framework\base\CApplication.php(162): CWebApplication->processRequest()
#23 D:\APMServ5.2.6\www\htdocs\tfcms\index.php(13): CApplication->run()
#24 {main}
REQUEST_URI=/tfcms/index.php
HTTP_REFERER=http://127.0.0.1/tfcms/index.php/user/registration
---
2012/02/17 09:58:49 [error] [exception.CException] exception 'CException' with message 'Property "BootNavbar.class" is not defined.' in D:\APMServ5.2.6\www\htdocs\yii\framework\base\CComponent.php:174
Stack trace:
#0 D:\APMServ5.2.6\www\htdocs\yii\framework\web\CWidgetFactory.php(162): CComponent->__set('class', 'bootstrap.widge...')
#1 D:\APMServ5.2.6\www\htdocs\yii\framework\web\CBaseController.php(147): CWidgetFactory->createWidget(Object(SiteController), 'bootstrap.widge...', Array)
#2 D:\APMServ5.2.6\www\htdocs\yii\framework\web\CBaseController.php(173): CBaseController->createWidget('bootstrap.widge...', Array)
#3 D:\APMServ5.2.6\www\htdocs\tfcms\protected\views\layouts\main.php(45): CBaseController->widget('bootstrap.widge...', Array)
#4 D:\APMServ5.2.6\www\htdocs\yii\framework\web\CBaseController.php(127): require('D:\APMServ5.2.6...')
#5 D:\APMServ5.2.6\www\htdocs\yii\framework\web\CBaseController.php(96): CBaseController->renderInternal('D:\APMServ5.2.6...', Array, true)
#6 D:\APMServ5.2.6\www\htdocs\yii\framework\web\widgets\CContentDecorator.php(77): CBaseController->renderFile('D:\APMServ5.2.6...', Array, true)
#7 D:\APMServ5.2.6\www\htdocs\yii\framework\web\widgets\CContentDecorator.php(55): CContentDecorator->decorate('<div id="conten...')
#8 D:\APMServ5.2.6\www\htdocs\yii\framework\web\widgets\COutputProcessor.php(45): CContentDecorator->processOutput('<div id="conten...')
#9 D:\APMServ5.2.6\www\htdocs\yii\framework\web\CBaseController.php(207): COutputProcessor->run()
#10 D:\APMServ5.2.6\www\htdocs\yii\framework\web\CBaseController.php(301): CBaseController->endWidget('CContentDecorat...')
#11 D:\APMServ5.2.6\www\htdocs\tfcms\protected\views\layouts\column1.php(5): CBaseController->endContent()
#12 D:\APMServ5.2.6\www\htdocs\yii\framework\web\CBaseController.php(127): require('D:\APMServ5.2.6...')
#13 D:\APMServ5.2.6\www\htdocs\yii\framework\web\CBaseController.php(96): CBaseController->renderInternal('D:\APMServ5.2.6...', Array, true)
#14 D:\APMServ5.2.6\www\htdocs\yii\framework\web\CController.php(785): CBaseController->renderFile('D:\APMServ5.2.6...', Array, true)
#15 D:\APMServ5.2.6\www\htdocs\tfcms\protected\controllers\SiteController.php(32): CController->render('index')
#16 D:\APMServ5.2.6\www\htdocs\yii\framework\web\actions\CInlineAction.php(50): SiteController->actionIndex()
#17 D:\APMServ5.2.6\www\htdocs\yii\framework\web\CController.php(309): CInlineAction->runWithParams(Array)
#18 D:\APMServ5.2.6\www\htdocs\yii\framework\web\CController.php(287): CController->runAction(Object(CInlineAction))
#19 D:\APMServ5.2.6\www\htdocs\yii\framework\web\CController.php(266): CController->runActionWithFilters(Object(CInlineAction), Array)
#20 D:\APMServ5.2.6\www\htdocs\yii\framework\web\CWebApplication.php(276): CController->run('')
#21 D:\APMServ5.2.6\www\htdocs\yii\framework\web\CWebApplication.php(135): CWebApplication->runController('')
#22 D:\APMServ5.2.6\www\htdocs\yii\framework\base\CApplication.php(162): CWebApplication->processRequest()
#23 D:\APMServ5.2.6\www\htdocs\tfcms\index.php(13): CApplication->run()
#24 {main}
REQUEST_URI=/tfcms/index.php
HTTP_REFERER=http://127.0.0.1/tfcms/index.php/user/registration
---
2012/02/17 09:58:50 [error] [exception.CException] exception 'CException' with message 'Property "BootNavbar.class" is not defined.' in D:\APMServ5.2.6\www\htdocs\yii\framework\base\CComponent.php:174
Stack trace:
#0 D:\APMServ5.2.6\www\htdocs\yii\framework\web\CWidgetFactory.php(162): CComponent->__set('class', 'bootstrap.widge...')
#1 D:\APMServ5.2.6\www\htdocs\yii\framework\web\CBaseController.php(147): CWidgetFactory->createWidget(Object(SiteController), 'bootstrap.widge...', Array)
#2 D:\APMServ5.2.6\www\htdocs\yii\framework\web\CBaseController.php(173): CBaseController->createWidget('bootstrap.widge...', Array)
#3 D:\APMServ5.2.6\www\htdocs\tfcms\protected\views\layouts\main.php(45): CBaseController->widget('bootstrap.widge...', Array)
#4 D:\APMServ5.2.6\www\htdocs\yii\framework\web\CBaseController.php(127): require('D:\APMServ5.2.6...')
#5 D:\APMServ5.2.6\www\htdocs\yii\framework\web\CBaseController.php(96): CBaseController->renderInternal('D:\APMServ5.2.6...', Array, true)
#6 D:\APMServ5.2.6\www\htdocs\yii\framework\web\widgets\CContentDecorator.php(77): CBaseController->renderFile('D:\APMServ5.2.6...', Array, true)
#7 D:\APMServ5.2.6\www\htdocs\yii\framework\web\widgets\CContentDecorator.php(55): CContentDecorator->decorate('<div id="conten...')
#8 D:\APMServ5.2.6\www\htdocs\yii\framework\web\widgets\COutputProcessor.php(45): CContentDecorator->processOutput('<div id="conten...')
#9 D:\APMServ5.2.6\www\htdocs\yii\framework\web\CBaseController.php(207): COutputProcessor->run()
#10 D:\APMServ5.2.6\www\htdocs\yii\framework\web\CBaseController.php(301): CBaseController->endWidget('CContentDecorat...')
#11 D:\APMServ5.2.6\www\htdocs\tfcms\protected\views\layouts\column1.php(5): CBaseController->endContent()
#12 D:\APMServ5.2.6\www\htdocs\yii\framework\web\CBaseController.php(127): require('D:\APMServ5.2.6...')
#13 D:\APMServ5.2.6\www\htdocs\yii\framework\web\CBaseController.php(96): CBaseController->renderInternal('D:\APMServ5.2.6...', Array, true)
#14 D:\APMServ5.2.6\www\htdocs\yii\framework\web\CController.php(785): CBaseController->renderFile('D:\APMServ5.2.6...', Array, true)
#15 D:\APMServ5.2.6\www\htdocs\tfcms\protected\controllers\SiteController.php(32): CController->render('index')
#16 D:\APMServ5.2.6\www\htdocs\yii\framework\web\actions\CInlineAction.php(50): SiteController->actionIndex()
#17 D:\APMServ5.2.6\www\htdocs\yii\framework\web\CController.php(309): CInlineAction->runWithParams(Array)
#18 D:\APMServ5.2.6\www\htdocs\yii\framework\web\CController.php(287): CController->runAction(Object(CInlineAction))
#19 D:\APMServ5.2.6\www\htdocs\yii\framework\web\CController.php(266): CController->runActionWithFilters(Object(CInlineAction), Array)
#20 D:\APMServ5.2.6\www\htdocs\yii\framework\web\CWebApplication.php(276): CController->run('')
#21 D:\APMServ5.2.6\www\htdocs\yii\framework\web\CWebApplication.php(135): CWebApplication->runController('')
#22 D:\APMServ5.2.6\www\htdocs\yii\framework\base\CApplication.php(162): CWebApplication->processRequest()
#23 D:\APMServ5.2.6\www\htdocs\tfcms\index.php(13): CApplication->run()
#24 {main}
REQUEST_URI=/tfcms/index.php
HTTP_REFERER=http://127.0.0.1/tfcms/index.php/user/registration
---
2012/02/17 09:58:50 [error] [exception.CException] exception 'CException' with message 'Property "BootNavbar.class" is not defined.' in D:\APMServ5.2.6\www\htdocs\yii\framework\base\CComponent.php:174
Stack trace:
#0 D:\APMServ5.2.6\www\htdocs\yii\framework\web\CWidgetFactory.php(162): CComponent->__set('class', 'bootstrap.widge...')
#1 D:\APMServ5.2.6\www\htdocs\yii\framework\web\CBaseController.php(147): CWidgetFactory->createWidget(Object(SiteController), 'bootstrap.widge...', Array)
#2 D:\APMServ5.2.6\www\htdocs\yii\framework\web\CBaseController.php(173): CBaseController->createWidget('bootstrap.widge...', Array)
#3 D:\APMServ5.2.6\www\htdocs\tfcms\protected\views\layouts\main.php(45): CBaseController->widget('bootstrap.widge...', Array)
#4 D:\APMServ5.2.6\www\htdocs\yii\framework\web\CBaseController.php(127): require('D:\APMServ5.2.6...')
#5 D:\APMServ5.2.6\www\htdocs\yii\framework\web\CBaseController.php(96): CBaseController->renderInternal('D:\APMServ5.2.6...', Array, true)
#6 D:\APMServ5.2.6\www\htdocs\yii\framework\web\widgets\CContentDecorator.php(77): CBaseController->renderFile('D:\APMServ5.2.6...', Array, true)
#7 D:\APMServ5.2.6\www\htdocs\yii\framework\web\widgets\CContentDecorator.php(55): CContentDecorator->decorate('<div id="conten...')
#8 D:\APMServ5.2.6\www\htdocs\yii\framework\web\widgets\COutputProcessor.php(45): CContentDecorator->processOutput('<div id="conten...')
#9 D:\APMServ5.2.6\www\htdocs\yii\framework\web\CBaseController.php(207): COutputProcessor->run()
#10 D:\APMServ5.2.6\www\htdocs\yii\framework\web\CBaseController.php(301): CBaseController->endWidget('CContentDecorat...')
#11 D:\APMServ5.2.6\www\htdocs\tfcms\protected\views\layouts\column1.php(5): CBaseController->endContent()
#12 D:\APMServ5.2.6\www\htdocs\yii\framework\web\CBaseController.php(127): require('D:\APMServ5.2.6...')
#13 D:\APMServ5.2.6\www\htdocs\yii\framework\web\CBaseController.php(96): CBaseController->renderInternal('D:\APMServ5.2.6...', Array, true)
#14 D:\APMServ5.2.6\www\htdocs\yii\framework\web\CController.php(785): CBaseController->renderFile('D:\APMServ5.2.6...', Array, true)
#15 D:\APMServ5.2.6\www\htdocs\tfcms\protected\controllers\SiteController.php(32): CController->render('index')
#16 D:\APMServ5.2.6\www\htdocs\yii\framework\web\actions\CInlineAction.php(50): SiteController->actionIndex()
#17 D:\APMServ5.2.6\www\htdocs\yii\framework\web\CController.php(309): CInlineAction->runWithParams(Array)
#18 D:\APMServ5.2.6\www\htdocs\yii\framework\web\CController.php(287): CController->runAction(Object(CInlineAction))
#19 D:\APMServ5.2.6\www\htdocs\yii\framework\web\CController.php(266): CController->runActionWithFilters(Object(CInlineAction), Array)
#20 D:\APMServ5.2.6\www\htdocs\yii\framework\web\CWebApplication.php(276): CController->run('')
#21 D:\APMServ5.2.6\www\htdocs\yii\framework\web\CWebApplication.php(135): CWebApplication->runController('')
#22 D:\APMServ5.2.6\www\htdocs\yii\framework\base\CApplication.php(162): CWebApplication->processRequest()
#23 D:\APMServ5.2.6\www\htdocs\tfcms\index.php(13): CApplication->run()
#24 {main}
REQUEST_URI=/tfcms/index.php
HTTP_REFERER=http://127.0.0.1/tfcms/index.php/user/registration
---
2012/02/17 09:58:50 [error] [exception.CException] exception 'CException' with message 'Property "BootNavbar.class" is not defined.' in D:\APMServ5.2.6\www\htdocs\yii\framework\base\CComponent.php:174
Stack trace:
#0 D:\APMServ5.2.6\www\htdocs\yii\framework\web\CWidgetFactory.php(162): CComponent->__set('class', 'bootstrap.widge...')
#1 D:\APMServ5.2.6\www\htdocs\yii\framework\web\CBaseController.php(147): CWidgetFactory->createWidget(Object(SiteController), 'bootstrap.widge...', Array)
#2 D:\APMServ5.2.6\www\htdocs\yii\framework\web\CBaseController.php(173): CBaseController->createWidget('bootstrap.widge...', Array)
#3 D:\APMServ5.2.6\www\htdocs\tfcms\protected\views\layouts\main.php(45): CBaseController->widget('bootstrap.widge...', Array)
#4 D:\APMServ5.2.6\www\htdocs\yii\framework\web\CBaseController.php(127): require('D:\APMServ5.2.6...')
#5 D:\APMServ5.2.6\www\htdocs\yii\framework\web\CBaseController.php(96): CBaseController->renderInternal('D:\APMServ5.2.6...', Array, true)
#6 D:\APMServ5.2.6\www\htdocs\yii\framework\web\widgets\CContentDecorator.php(77): CBaseController->renderFile('D:\APMServ5.2.6...', Array, true)
#7 D:\APMServ5.2.6\www\htdocs\yii\framework\web\widgets\CContentDecorator.php(55): CContentDecorator->decorate('<div id="conten...')
#8 D:\APMServ5.2.6\www\htdocs\yii\framework\web\widgets\COutputProcessor.php(45): CContentDecorator->processOutput('<div id="conten...')
#9 D:\APMServ5.2.6\www\htdocs\yii\framework\web\CBaseController.php(207): COutputProcessor->run()
#10 D:\APMServ5.2.6\www\htdocs\yii\framework\web\CBaseController.php(301): CBaseController->endWidget('CContentDecorat...')
#11 D:\APMServ5.2.6\www\htdocs\tfcms\protected\views\layouts\column1.php(5): CBaseController->endContent()
#12 D:\APMServ5.2.6\www\htdocs\yii\framework\web\CBaseController.php(127): require('D:\APMServ5.2.6...')
#13 D:\APMServ5.2.6\www\htdocs\yii\framework\web\CBaseController.php(96): CBaseController->renderInternal('D:\APMServ5.2.6...', Array, true)
#14 D:\APMServ5.2.6\www\htdocs\yii\framework\web\CController.php(785): CBaseController->renderFile('D:\APMServ5.2.6...', Array, true)
#15 D:\APMServ5.2.6\www\htdocs\tfcms\protected\controllers\SiteController.php(32): CController->render('index')
#16 D:\APMServ5.2.6\www\htdocs\yii\framework\web\actions\CInlineAction.php(50): SiteController->actionIndex()
#17 D:\APMServ5.2.6\www\htdocs\yii\framework\web\CController.php(309): CInlineAction->runWithParams(Array)
#18 D:\APMServ5.2.6\www\htdocs\yii\framework\web\CController.php(287): CController->runAction(Object(CInlineAction))
#19 D:\APMServ5.2.6\www\htdocs\yii\framework\web\CController.php(266): CController->runActionWithFilters(Object(CInlineAction), Array)
#20 D:\APMServ5.2.6\www\htdocs\yii\framework\web\CWebApplication.php(276): CController->run('')
#21 D:\APMServ5.2.6\www\htdocs\yii\framework\web\CWebApplication.php(135): CWebApplication->runController('')
#22 D:\APMServ5.2.6\www\htdocs\yii\framework\base\CApplication.php(162): CWebApplication->processRequest()
#23 D:\APMServ5.2.6\www\htdocs\tfcms\index.php(13): CApplication->run()
#24 {main}
REQUEST_URI=/tfcms/index.php
HTTP_REFERER=http://127.0.0.1/tfcms/index.php/user/registration
---
2012/02/18 09:28:46 [error] [exception.CException] exception 'CException' with message 'CAssetManager.basePath "/Users/joe/Sites/tfcms/assets" is invalid. Please make sure the directory exists and is writable by the Web server process.' in /Users/joe/Sites/tfcms/framework/web/CAssetManager.php:116
Stack trace:
#0 /Users/joe/Sites/tfcms/framework/web/CAssetManager.php(101): CAssetManager->setBasePath('/Users/joe/Site...')
#1 /Users/joe/Sites/tfcms/framework/web/CAssetManager.php(219): CAssetManager->getBasePath()
#2 /Users/joe/Sites/tfcms/protected/extensions/bootstrap/components/Bootstrap.php(346): CAssetManager->publish('/Users/joe/Site...', false, -1, true)
#3 /Users/joe/Sites/tfcms/protected/extensions/bootstrap/components/Bootstrap.php(81): Bootstrap->getAssetsUrl()
#4 /Users/joe/Sites/tfcms/protected/extensions/bootstrap/components/Bootstrap.php(57): Bootstrap->registerCss()
#5 /Users/joe/Sites/tfcms/framework/base/CModule.php(388): Bootstrap->init()
#6 /Users/joe/Sites/tfcms/framework/base/CModule.php(493): CModule->getComponent('bootstrap')
#7 /Users/joe/Sites/tfcms/framework/base/CApplication.php(146): CModule->preloadComponents()
#8 /Users/joe/Sites/tfcms/framework/YiiBase.php(127): CApplication->__construct('/Users/joe/Site...')
#9 /Users/joe/Sites/tfcms/framework/YiiBase.php(100): YiiBase::createApplication('CWebApplication', '/Users/joe/Site...')
#10 /Users/joe/Sites/tfcms/index.php(13): YiiBase::createWebApplication('/Users/joe/Site...')
#11 {main}
REQUEST_URI=/tfcms/index.php
---
2012/02/18 09:29:14 [error] [php] date(): It is not safe to rely on the system's timezone settings. You are *required* to use the date.timezone setting or the date_default_timezone_set() function. In case you used any of those methods and you are still getting this warning, you most likely misspelled the timezone identifier. We selected 'Asia/Chongqing' for 'CST/8.0/no DST' instead (/Users/joe/Sites/tfcms/protected/views/layouts/main.php:59)
Stack trace:
#0 /Users/joe/Sites/tfcms/framework/web/CBaseController.php(96): SiteController->renderInternal()
#1 /Users/joe/Sites/tfcms/framework/web/widgets/CContentDecorator.php(77): SiteController->renderFile()
#2 /Users/joe/Sites/tfcms/framework/web/widgets/CContentDecorator.php(55): CContentDecorator->decorate()
#3 /Users/joe/Sites/tfcms/framework/web/widgets/COutputProcessor.php(45): CContentDecorator->processOutput()
#4 /Users/joe/Sites/tfcms/framework/web/CBaseController.php(207): CContentDecorator->run()
#5 /Users/joe/Sites/tfcms/framework/web/CBaseController.php(301): SiteController->endWidget()
#6 /Users/joe/Sites/tfcms/protected/views/layouts/column1.php(5): SiteController->endContent()
#7 /Users/joe/Sites/tfcms/framework/web/CBaseController.php(127): require()
#8 /Users/joe/Sites/tfcms/framework/web/CBaseController.php(96): SiteController->renderInternal()
#9 /Users/joe/Sites/tfcms/framework/web/CController.php(785): SiteController->renderFile()
#10 /Users/joe/Sites/tfcms/protected/controllers/SiteController.php(32): SiteController->render()
#11 /Users/joe/Sites/tfcms/framework/web/actions/CInlineAction.php(50): SiteController->actionIndex()
#12 /Users/joe/Sites/tfcms/framework/web/CController.php(309): CInlineAction->runWithParams()
#13 /Users/joe/Sites/tfcms/framework/web/CController.php(287): SiteController->runAction()
#14 /Users/joe/Sites/tfcms/framework/web/CController.php(266): SiteController->runActionWithFilters()
#15 /Users/joe/Sites/tfcms/framework/web/CWebApplication.php(276): SiteController->run()
#16 /Users/joe/Sites/tfcms/framework/web/CWebApplication.php(135): CWebApplication->runController()
#17 /Users/joe/Sites/tfcms/framework/base/CApplication.php(162): CWebApplication->processRequest()
#18 /Users/joe/Sites/tfcms/index.php(13): CWebApplication->run()
REQUEST_URI=/tfcms/index.php
in /Users/joe/Sites/tfcms/protected/views/layouts/main.php (59)
in /Users/joe/Sites/tfcms/protected/views/layouts/column1.php (5)
in /Users/joe/Sites/tfcms/protected/controllers/SiteController.php (32)
2012/02/18 09:30:35 [error] [php] date(): It is not safe to rely on the system's timezone settings. You are *required* to use the date.timezone setting or the date_default_timezone_set() function. In case you used any of those methods and you are still getting this warning, you most likely misspelled the timezone identifier. We selected 'Asia/Chongqing' for 'CST/8.0/no DST' instead (/Users/joe/Sites/tfcms/protected/modules/user/views/profile/profile.php:45)
Stack trace:
#0 /Users/joe/Sites/tfcms/framework/web/CBaseController.php(96): ProfileController->renderInternal()
#1 /Users/joe/Sites/tfcms/framework/web/CController.php(870): ProfileController->renderFile()
#2 /Users/joe/Sites/tfcms/framework/web/CController.php(783): ProfileController->renderPartial()
#3 /Users/joe/Sites/tfcms/protected/modules/user/controllers/ProfileController.php(20): ProfileController->render()
#4 /Users/joe/Sites/tfcms/framework/web/actions/CInlineAction.php(50): ProfileController->actionProfile()
#5 /Users/joe/Sites/tfcms/framework/web/CController.php(309): CInlineAction->runWithParams()
#6 /Users/joe/Sites/tfcms/framework/web/CController.php(287): ProfileController->runAction()
#7 /Users/joe/Sites/tfcms/framework/web/CController.php(266): ProfileController->runActionWithFilters()
#8 /Users/joe/Sites/tfcms/framework/web/CWebApplication.php(276): ProfileController->run()
#9 /Users/joe/Sites/tfcms/framework/web/CWebApplication.php(135): CWebApplication->runController()
#10 /Users/joe/Sites/tfcms/framework/base/CApplication.php(162): CWebApplication->processRequest()
#11 /Users/joe/Sites/tfcms/index.php(13): CWebApplication->run()
REQUEST_URI=/tfcms/index.php/user/profile
in /Users/joe/Sites/tfcms/protected/modules/user/views/profile/profile.php (45)
in /Users/joe/Sites/tfcms/protected/modules/user/controllers/ProfileController.php (20)
in /Users/joe/Sites/tfcms/index.php (13)
2012/02/18 14:03:34 [error] [exception.CHttpException.404] exception 'CHttpException' with message 'The system is unable to find the requested action "index.html".' in /Users/joe/Sites/tfcms/framework/web/CController.php:484
Stack trace:
#0 /Users/joe/Sites/tfcms/framework/web/CController.php(271): CController->missingAction('index.html')
#1 /Users/joe/Sites/tfcms/framework/web/CWebApplication.php(276): CController->run('index.html')
#2 /Users/joe/Sites/tfcms/framework/web/CWebApplication.php(135): CWebApplication->runController('site/index.html')
#3 /Users/joe/Sites/tfcms/framework/base/CApplication.php(162): CWebApplication->processRequest()
#4 /Users/joe/Sites/tfcms/index.php(13): CApplication->run()
#5 {main}
REQUEST_URI=/tfcms/site/index.html
HTTP_REFERER=http://127.0.0.1/tfcms/site/contact.html
---
2012/02/20 11:05:36 [error] [system.db.CDbCommand] CDbCommand::fetchAll() failed: SQLSTATE[42S02]: Base table or view not found: 1146 Table 'tfcms.node' doesn't exist. The SQL statement executed was: SHOW COLUMNS FROM `node`.
in D:\APMServ5.2.6\www\htdocs\tfcms\index.php (13)
2012/02/20 11:10:58 [error] [exception.CException] exception 'CException' with message 'Alias "models.node" is invalid. Make sure it points to an existing directory or file.' in D:\APMServ5.2.6\www\htdocs\tfcms\framework\YiiBase.php:343
Stack trace:
#0 D:\APMServ5.2.6\www\htdocs\tfcms\framework\gii\generators\crud\CrudCode.php(59): YiiBase::import('models.node', true)
#1 D:\APMServ5.2.6\www\htdocs\tfcms\framework\validators\CInlineValidator.php(43): CrudCode->validateModel('model', Array)
#2 D:\APMServ5.2.6\www\htdocs\tfcms\framework\validators\CValidator.php(197): CInlineValidator->validateAttribute(Object(CrudCode), 'model')
#3 D:\APMServ5.2.6\www\htdocs\tfcms\framework\base\CModel.php(158): CValidator->validate(Object(CrudCode), NULL)
#4 D:\APMServ5.2.6\www\htdocs\tfcms\framework\gii\CCodeGenerator.php(158): CModel->validate()
#5 D:\APMServ5.2.6\www\htdocs\tfcms\framework\gii\CCodeGenerator.php(64): CCodeGenerator->prepare()
#6 D:\APMServ5.2.6\www\htdocs\tfcms\framework\web\actions\CInlineAction.php(50): CCodeGenerator->actionIndex()
#7 D:\APMServ5.2.6\www\htdocs\tfcms\framework\web\CController.php(309): CInlineAction->runWithParams(Array)
#8 D:\APMServ5.2.6\www\htdocs\tfcms\framework\web\CController.php(287): CController->runAction(Object(CInlineAction))
#9 D:\APMServ5.2.6\www\htdocs\tfcms\framework\web\CController.php(266): CController->runActionWithFilters(Object(CInlineAction), Array)
#10 D:\APMServ5.2.6\www\htdocs\tfcms\framework\web\CWebApplication.php(276): CController->run('')
#11 D:\APMServ5.2.6\www\htdocs\tfcms\framework\web\CWebApplication.php(135): CWebApplication->runController('gii/crud')
#12 D:\APMServ5.2.6\www\htdocs\tfcms\framework\base\CApplication.php(162): CWebApplication->processRequest()
#13 D:\APMServ5.2.6\www\htdocs\tfcms\index.php(13): CApplication->run()
#14 {main}
REQUEST_URI=/tfcms/gii/crud
HTTP_REFERER=http://127.0.0.1/tfcms/gii/crud
---
